<?xml version="1.0" encoding="UTF-8"?>
<testsuite xmlns:xsi="http://www.w3.org/2001/XMLSchema-instance" xsi:noNamespaceSchemaLocation="https://maven.apache.org/surefire/maven-surefire-plugin/xsd/surefire-test-report-3.0.xsd" version="3.0" name="GetOrderTest" time="1.815" tests="1" errors="0" skipped="0" failures="0">
  <properties>
[...]
</properties>
  <testcase name="testFor_GET_existingOrderId_shouldYieldHTTP200(MockServer)" classname="GetOrderTest" time="1.285">
    <system-out><![CDATA[22:22:14.698 [Thread-2] WARN au.com.dius.pact.core.support.Metrics -- 
            Please note: we are tracking events anonymously to gather important usage statistics like JVM version
            and operating system. To disable tracking, set the 'pact_do_not_track' system property or environment
            variable to 'true'.
            
]]></system-out>
  </testcase>
</testsuite>